#
# There is insufficient memory for the Java Runtime Environment to continue.
# Native memory allocation (mmap) failed to map 268435456 bytes for G1 virtual space
# Possible reasons:
#   The system is out of physical RAM or swap space
#   The process is running with CompressedOops enabled, and the Java Heap may be blocking the growth of the native heap
# Possible solutions:
#   Reduce memory load on the system
#   Increase physical memory or swap space
#   Check if swap backing store is full
#   Decrease Java heap size (-Xmx/-Xms)
#   Decrease number of Java threads
#   Decrease Java thread stack sizes (-Xss)
#   Set larger code cache with -XX:ReservedCodeCacheSize=
#   JVM is running with Zero Based Compressed Oops mode in which the Java heap is
#     placed in the first 32GB address space. The Java Heap base address is the
#     maximum limit for the native heap growth. Please use -XX:HeapBaseMinAddress
#     to set the Java Heap base and to place the Java Heap above 32GB virtual address.
# This output file may be truncated or incomplete.
#
#  Out of Memory Error (os_windows.cpp:3466), pid=2148, tid=18688
#
# JRE version:  (16.0.2+7) (build )
# Java VM: OpenJDK 64-Bit Server VM (16.0.2+7-67, mixed mode, sharing, tiered, compressed oops, compressed class ptrs, g1 gc, windows-amd64)
# No core dump will be written. Minidumps are not enabled by default on client versions of Windows
#

---------------  S U M M A R Y ------------

Command Line: -Dfile.encoding=Cp1252 -XX:+ShowCodeDetailsInExceptionMessages fr.afpa.hotel.Main

Host: AMD Ryzen 7 2700X Eight-Core Processor         , 16 cores, 15G,  Windows 10 , 64 bit Build 22000 (10.0.22000.120)
Time: Mon Oct 18 20:54:33 2021 Paris, Madrid (heure duild 22000 (10.0.22000.120) elapsed time: 0.010623 seconds (0d 0h 0m 0s)

---------------  T H R E A D  ---------------

Current thread (0x000001c9ac87b6f0):  JavaThread "Unknown thread" [_thread_in_vm, id=18688, stack(0x0000006b86c00000,0x0000006b86d00000)]

Stack: [0x0000006b86c00000,0x0000006b86d00000]
Native frames: (J=compiled Java code, j=interpreted, Vv=VM code, C=native code)
V  [jvm.dll+0x6681ca]
V  [jvm.dll+0x7c9e69]
V  [jvm.dll+0x7cb61e]
V  [jvm.dll+0x7cbc73]
V  [jvm.dll+0x242c55]
V  [jvm.dll+0x664f89]
V  [jvm.dll+0x659b75]
V  [jvm.dll+0x2fbfbb]
V  [jvm.dll+0x3031b6]
V  [jvm.dll+0x35299e]
V  [jvm.dll+0x352bcf]
V  [jvm.dll+0x2d3028]
V  [jvm.dll+0x2d4264]
V  [jvm.dll+0x79c741]
V  [jvm.dll+0x360791]
V  [jvm.dll+0x77a3f0]
V  [jvm.dll+0x3e4e8f]
V  [jvm.dll+0x3e6961]
C  [jli.dll+0x52fb]
C  [ucrtbase.dll+0x26c0c]
C  [KERNEL32.DLL+0x154e0]
C  [ntdll.dll+0x485b]


---------------  P R O C E S S  ---------------

Threads class SMR info:
_java_thread_list=0x00007ff81cf6cbb8, length=0, elements={
}

Java Threads: ( => current thread )

Other Threads:
  0x000001c9ac8cdcf0 GCTaskThread "GC Thread#0" [stack: 0x0000006b86d00000,0x0000006b86e00000] [id=18168]
  0x000001c9ac8e04a0 ConcurrentGCThread "G1 Main Marker" [stack: 0x0000006b86e00000,0x0000006b86f00000] [id=21988]
  0x000001c9ac8e0f10 ConcurrentGCThread "G1 Conc#0" [stack: 0x0000006b86f00000,0x0000006b87000000] [id=17940]

[error occurred during error reporting (printing all threads), id 0xc0000005, EXCEPTION_ACCESS_VIOLATION (0xc0000005) at pc=0x00007ff81c743ee7]

VM state: not at safepoint (not fully initialized)

VM Mutex/Monitor currently owned by a thread:  ([mutex/lock_event])
[0x000001c9ac8779b0] Heap_lock - owner thread: 0x000001c9ac87b6f0

Heap address: 0x0000000700c00000, size: 4084 MB, Compressed Oops mode: Zero based, Oop shift amount: 3

CDS archive(s) mapped at: [0x0000000000000000-0x0000000000000000-0x0000000000000000), size 0, SharedBaseAddress: 0x0000000800000000, ArchiveRelocationMode: 0.
Narrow klass base: 0x0000000000000000, Narrow klass shift: 0, Narrow klass range: 0x0

GC Precious Log:
<Empty>

Heap:
 garbage-first heap   total 0K, used 0K [0x0000000700c00000, 0x0000000800000000)
  region size 2048K, 0 young (0K), 0 survivors (0K)

[error occurred during error reporting (printing heap information), id 0xc0000005, EXCEPTION_ACCESS_VIOLATION (0xc0000005) at pc=0x00007ff81cb21eed]

GC Heap History (0 events):
No events

Deoptimization events (0 events):
No events

Classes unloaded (0 events):
No events

Classes redefined (0 events):
No events

Internal exceptions (0 events):
No events

Events (1 events):
Event: 0.005 Loaded shared library C:\Users\kevca\.p2\pool\plugins\org.eclipse.justj.openjdk.hotspot.jre.full.win32.x86_64_16.0.2.v20210721-1149\jre\bin\java.dll


Dynamic libraries:
0x00007ff7ee160000 - 0x00007ff7ee16e000 	C:\Users\kevca\.p2\pool\plugins\org.eclipse.justj.openjdk.hotspot.jre.full.win32.x86_64_16.0.2.v20210721-1149\jre\bin\javaw.exe
0x00007ff8cd4a0000 - 0x00007ff8cd6a7000 	C:\WINDOWS\SYSTEM32\ntdll.dll
0x00007ff8cc6a0000 - 0x00007ff8cc75d000 	C:\WINDOWS\System32\KERNEL32.DLL
0x00007ff8cac00000 - 0x00007ff8caf74000 	C:\WINDOWS\System32\KERNELBASE.dll
0x00007ff8cb210000 - 0x00007ff8cb321000 	C:\WINDOWS\System32\ucrtbase.dll
0x00007ff8b7380000 - 0x00007ff8b7399000 	C:\Users\kevca\.p2\pool\plugins\org.eclipse.justj.openjdk.hotspot.jre.full.win32.x86_64_16.0.2.v20210721-1149\jre\bin\VCRUNTIME140.dll
0x00007ff8b52b0000 - 0x00007ff8b52c8000 	C:\Users\kevca\.p2\pool\plugins\org.eclipse.justj.openjdk.hotspot.jre.full.win32.x86_64_16.0.2.v20210721-1149\jre\bin\jli.dll
0x00007ff8cbb80000 - 0x00007ff8cbd2c000 	C:\WINDOWS\System32\USER32.dll
0x00007ff8ba230000 - 0x00007ff8ba4d5000 	C:\WINDOWS\WinSxS\amd64_microsoft.windows.common-controls_6595b64144ccf1df_6.0.22000.120_none_9d947278b86cc467\COMCTL32.dll
0x00007ff8caf80000 - 0x00007ff8cafa6000 	C:\WINDOWS\System32\win32u.dll
0x00007ff8cc760000 - 0x00007ff8cc803000 	C:\WINDOWS\System32\msvcrt.dll
0x00007ff8ccec0000 - 0x00007ff8ccee9000 	C:\WINDOWS\System32\GDI32.dll
0x00007ff8cb070000 - 0x00007ff8cb182000 	C:\WINDOWS\System32\gdi32full.dll
0x00007ff8ca9f0000 - 0x00007ff8caa8d000 	C:\WINDOWS\System32\msvcp_win.dll
0x00007ff8ccd80000 - 0x00007ff8ccdb1000 	C:\WINDOWS\System32\IMM32.DLL
0x00007ff8c12f0000 - 0x00007ff8c12fc000 	C:\Users\kevca\.p2\pool\plugins\org.eclipse.justj.openjdk.hotspot.jre.full.win32.x86_64_16.0.2.v20210721-1149\jre\bin\vcruntime140_1.dll
0x00007ff889030000 - 0x00007ff8890c1000 	C:\Users\kevca\.p2\pool\plugins\org.eclipse.justj.openjdk.hotspot.jre.full.win32.x86_64_16.0.2.v20210721-1149\jre\bin\msvcp140.dll
0x00007ff81c460000 - 0x00007ff81d00b000 	C:\Users\kevca\.p2\pool\plugins\org.eclipse.justj.openjdk.hotspot.jre.full.win32.x86_64_16.0.2.v20210721-1149\jre\bin\server\jvm.dll
0x00007ff8cc890000 - 0x00007ff8cc93c000 	C:\WINDOWS\System32\ADVAPI32.dll
0x00007ff8cce20000 - 0x00007ff8ccebd000 	C:\WINDOWS\System32\sechost.dll
0x00007ff8cc3b0000 - 0x00007ff8cc4d1000 	C:\WINDOWS\System32\RPCRT4.dll
0x00007ff8cbb70000 - 0x00007ff8cbb78000 	C:\WINDOWS\System32\PSAPI.DLL
0x00007ff8c6ce0000 - 0x00007ff8c6ce9000 	C:\WINDOWS\SYSTEM32\WSOCK32.dll
0x00007ff8c3360000 - 0x00007ff8c336a000 	C:\WINDOWS\SYSTEM32\VERSION.dll
0x00007ff8cc940000 - 0x00007ff8cc9af000 	C:\WINDOWS\System32\WS2_32.dll
0x00007ff8c1550000 - 0x00007ff8c1583000 	C:\WINDOWS\SYSTEM32\WINMM.dll
0x00007ff8c9ba0000 - 0x00007ff8c9bb8000 	C:\WINDOWS\SYSTEM32\kernel.appcore.dll
0x00007ff8c6440000 - 0x00007ff8c644a000 	C:\Users\kevca\.p2\pool\plugins\org.eclipse.justj.openjdk.hotspot.jre.full.win32.x86_64_16.0.2.v20210721-1149\jre\bin\jimage.dll
0x00007ff8bf9d0000 - 0x00007ff8bfbf1000 	C:\WINDOWS\SYSTEM32\DBGHELP.DLL
0x00007ff8b4230000 - 0x00007ff8b4261000 	C:\WINDOWS\SYSTEM32\dbgcore.DLL
0x00007ff8cb190000 - 0x00007ff8cb210000 	C:\WINDOWS\System32\bcryptPrimitives.dll
0x00007ff8bf3e0000 - 0x00007ff8bf405000 	C:\Users\kevca\.p2\pool\plugins\org.eclipse.justj.openjdk.hotspot.jre.full.win32.x86_64_16.0.2.v20210721-1149\jre\bin\java.dll

dbghelp: loaded successfully - version: 4.0.5 - missing functions: none
symbol engine: initialized successfully - sym options: 0x614 - pdb path: .;C:\Users\kevca\.p2\pool\plugins\org.eclipse.justj.openjdk.hotspot.jre.full.win32.x86_64_16.0.2.v20210721-1149\jre\bin;C:\WINDOWS\SYSTEM32;C:\WINDOWS\WinSxS\amd64_microsoft.windows.common-controls_6595b64144ccf1df_6.0.22000.120_none_9d947278b86cc467;C:\Users\kevca\.p2\pool\plugins\org.eclipse.justj.openjdk.hotspot.jre.full.win32.x86_64_16.0.2.v20210721-1149\jre\bin\server

VM Arguments:
jvm_args: -Dfile.encoding=Cp1252 -XX:+ShowCodeDetailsInExceptionMessages 
java_command: fr.afpa.hotel.Main
java_class_path (initial): D:\DEV\Java\Projets Eclipse\Hotel2.1\bin
Launcher Type: SUN_STANDARD

[Global flags]
     intx CICompilerCount                          = 12                                        {product} {ergonomic}
     uint ConcGCThreads                            = 3                                         {product} {ergonomic}
     uint G1ConcRefinementThreads                  = 13                                        {product} {ergonomic}
   size_t G1HeapRegionSize                         = 2097152                                   {product} {ergonomic}
    uintx GCDrainStackTargetSize                   = 64                                        {product} {ergonomic}
   size_t InitialHeapSize                          = 268435456                                 {product} {ergonomic}
   size_t MarkStackSize                            = 4194304                                   {product} {ergonomic}
   size_t MaxHeapSize                              = 4282384384                                {product} {ergonomic}
   size_t MinHeapDeltaBytes                        = 2097152                                   {product} {ergonomic}
   size_t MinHeapSize                              = 8388608                                   {product} {ergonomic}
    uintx NonNMethodCodeHeapSize                   = 7602480                                {pd product} {ergonomic}
    uintx NonProfiledCodeHeapSize                  = 122027880                              {pd product} {ergonomic}
    uintx ProfiledCodeHeapSize                     = 122027880                              {pd product} {ergonomic}
    uintx ReservedCodeCacheSize                    = 251658240                              {pd product} {ergonomic}
     bool SegmentedCodeCache                       = true                                      {product} {ergonomic}
     bool ShowCodeDetailsInExceptionMessages       = true                                   {manageable} {command line}
   size_t SoftMaxHeapSize                          = 4282384384                             {manageable} {ergonomic}
     bool UseCompressedClassPointers               = true                           {product lp64_product} {ergonomic}
     bool UseCompressedOops                        = true                           {product lp64_product} {ergonomic}
     bool UseG1GC                                  = true                                      {product} {ergonomic}
     bool UseLargePagesIndividualAllocation        = false                                  {pd product} {ergonomic}

Logging:
Log output configuration:
 #0: stdout all=warning uptime,level,tags
 #1: stderr all=off uptime,level,tags

Environment Variables:
PATH=C:/Users/kevca/.p2/pool/plugins/org.eclipse.justj.openjdk.hotspot.jre.full.win32.x86_64_16.0.2.v20210721-1149/jre/bin/server;C:/Users/kevca/.p2/pool/plugins/org.eclipse.justj.openjdk.hotspot.jre.full.win32.x86_64_16.0.2.v20210721-1149/jre/bin;C:\Program Files (x86)\Common Files\Oracle\Java\javapath;C:\Python39\Scripts\;C:\Python39\;C:\WINDOWS\system32;C:\WINDOWS;C:\WINDOWS\System32\Wbem;C:\WINDOWS\System32\WindowsPowerShell\v1.0\;C:\WINDOWS\System32\OpenSSH\;C:\Program Files\NVIDIA Corporation\NVIDIA NvDLISR;C:\ProgramData\chocolatey\bin;C:\Program Files (x86)\NVIDIA Corporation\PhysX\Common;C:\Program Files\dotnet\;C:\WINDOWS\system32;C:\WINDOWS;C:\WINDOWS\System32\Wbem;C:\WINDOWS\System32\WindowsPowerShell\v1.0\;C:\WINDOWS\System32\OpenSSH\;C:\Program Files\Git\cmd;C:\Users\kevca\AppData\Local\Microsoft\WindowsApps;C:\Users\kevca\AppData\Local\Programs\Microsoft VS Code\bin;;C:\WINDOWS\System32;
USERNAME=kevca
OS=Windows_NT
PROCESSOR_IDENTIFIER=AMD64 Family 23 Model 8 Stepping 2, AuthenticAMD



---------------  S Y S T E M  ---------------

OS:
 Windows 10 , 64 bit Build 22000 (10.0.22000.120)
OS uptime: 1 days 21:23 hours

CPU: total 16 (initial active 16) (16 cores per cpu, 2 threads per core) family 23 model 8 stepping 2 microcode 0x0, cx8, cmov, fxsr, ht, mmx, 3dnowpref, sse, sse2, sse3, ssse3, sse4a, sse4.1, sse4.2, popcnt, lzcnt, tsc, tscinvbit, avx, avx2, aes, clmul, bmi1, bmi2, adx, sha, fma, vzeroupper, clflush, clflushopt

Memory: 4k page, system-wide physical 16330M (9033M free)
TotalPageFile size 30483M (AvailPageFile size 167M)
current process WorkingSet (physical memory assigned to process): 10M, peak: 10M
current process commit charge ("private bytes"): 70M, peak: 326M

vm_info: OpenJDK 64-Bit Server VM (16.0.2+7-67) for windows-amd64 JRE (16.0.2+7-67), built on Jun  8 2021 23:21:43 by "mach5one" with MS VC++ 16.7 (VS2019)

END.
